<?xml version="1.0" encoding="UTF-8"?>
<!-- Generated by org.testng.reporters.JUnitReportReporter -->
<testsuite skipped="0" hostname="DESKTOP-6KP0BJ5" name="com.dadalong.autotest.testng.TestCases" tests="2" failures="0" timestamp="2020-05-21T23:21:11 CST" time="0.689" errors="0">
  <testcase name="testGet" time="0.575" classname="com.dadalong.autotest.testng.TestCases"/>
  <system-out/>
  <testcase name="testPost" time="0.114" classname="com.dadalong.autotest.testng.TestCases"/>
  <system-out/>
</testsuite> <!-- com.dadalong.autotest.testng.TestCases -->
