<?xml version="1.0" encoding="UTF-8"?>
<!-- Generated by org.testng.reporters.JUnitReportReporter -->
<testsuite skipped="0" hostname="DESKTOP-6KP0BJ5" name="com.dadalong.autotest.testng.TestCases" tests="2" failures="0" timestamp="2020-05-22T14:22:06 CST" time="1.289" errors="0">
  <testcase name="testGet" time="1.107" classname="com.dadalong.autotest.testng.TestCases"/>
  <system-out/>
  <testcase name="testPost" time="0.182" classname="com.dadalong.autotest.testng.TestCases"/>
  <system-out/>
</testsuite> <!-- com.dadalong.autotest.testng.TestCases -->
