<?xml version="1.0" encoding="UTF-8"?>
<!-- Generated by org.testng.reporters.JUnitReportReporter -->
<testsuite skipped="0" hostname="DESKTOP-6KP0BJ5" name="com.dadalong.autotest.testng.TestCases" tests="2" failures="0" timestamp="2020-05-29T21:48:33 CST" time="1.393" errors="0">
  <testcase name="testPost" time="0.095" classname="com.dadalong.autotest.testng.TestCases"/>
  <system-out/>
  <testcase name="testGet" time="1.298" classname="com.dadalong.autotest.testng.TestCases"/>
  <system-out/>
</testsuite> <!-- com.dadalong.autotest.testng.TestCases -->
